\BOOKMARK [0][-]{chapter*.2}{Preamble}{}% 1
\BOOKMARK [0][-]{chapter.1}{8th\040November}{}% 2
\BOOKMARK [1][-]{section.1.1}{Basic\040Introduction\040of\040TeX\040and\040LaTeX}{chapter.1}% 3
\BOOKMARK [1][-]{section.1.2}{Grammar\040Structure\040of\040LaTeX}{chapter.1}% 4
\BOOKMARK [1][-]{section.1.3}{Files\040Organization\040of\040LaTeX}{chapter.1}% 5
\BOOKMARK [1][-]{section.1.4}{Encoding}{chapter.1}% 6
\BOOKMARK [1][-]{section.1.5}{Chinese\040Support}{chapter.1}% 7
\BOOKMARK [1][-]{section.1.6}{Brief\040Introduction\040of\040Symbols}{chapter.1}% 8
\BOOKMARK [1][-]{section.1.7}{Miscs}{chapter.1}% 9
\BOOKMARK [2][-]{subsection.1.7.1}{Text\040Emphasis}{section.1.7}% 10
\BOOKMARK [2][-]{subsection.1.7.2}{Space,\040Line,\040Paragraph\040and\040Page\040Control}{section.1.7}% 11
\BOOKMARK [3][-]{subsubsection.1.7.2.1}{Spaces}{subsection.1.7.2}% 12
\BOOKMARK [3][-]{subsubsection.1.7.2.2}{Lines}{subsection.1.7.2}% 13
\BOOKMARK [3][-]{subsubsection.1.7.2.3}{Paragraphs}{subsection.1.7.2}% 14
\BOOKMARK [3][-]{subsubsection.1.7.2.4}{Pages}{subsection.1.7.2}% 15
\BOOKMARK [1][-]{section.1.8}{XXX}{chapter.1}% 16
\BOOKMARK [0][-]{chapter.2}{15th\040November}{}% 17
\BOOKMARK [0][-]{chapter.3}{Heading\040on\040Level\0400\040\(chapter\)}{}% 18
\BOOKMARK [1][-]{section.3.1}{Heading\040on\040Level\0401\040\(section\)}{chapter.3}% 19
\BOOKMARK [2][-]{subsection.3.1.1}{Heading\040on\040Level\0402\040\(subsection\)}{section.3.1}% 20
\BOOKMARK [3][-]{subsubsection.3.1.1.1}{Heading\040on\040Level\0403\040\(subsubsection\)}{subsection.3.1.1}% 21
\BOOKMARK [1][-]{section.3.2}{Lists}{chapter.3}% 22
\BOOKMARK [2][-]{subsection.3.2.1}{Example\040for\040list\040\(itemize\)}{section.3.2}% 23
\BOOKMARK [3][-]{subsubsection.3.2.1.1}{Example\040for\040list\040\(4*itemize\)}{subsection.3.2.1}% 24
\BOOKMARK [2][-]{subsection.3.2.2}{Example\040for\040list\040\(enumerate\)}{section.3.2}% 25
\BOOKMARK [3][-]{subsubsection.3.2.2.1}{Example\040for\040list\040\(4*enumerate\)}{subsection.3.2.2}% 26
\BOOKMARK [2][-]{subsection.3.2.3}{Example\040for\040list\040\(description\)}{section.3.2}% 27
\BOOKMARK [3][-]{subsubsection.3.2.3.1}{Example\040for\040list\040\(4*description\)}{subsection.3.2.3}% 28
\BOOKMARK [0][-]{chapter.4}{Heading\040on\040Level\0400\040\(chapter\)}{}% 29
\BOOKMARK [1][-]{section.4.1}{Heading\040on\040Level\0401\040\(section\)}{chapter.4}% 30
\BOOKMARK [2][-]{subsection.4.1.1}{Heading\040on\040Level\0402\040\(subsection\)}{section.4.1}% 31
\BOOKMARK [3][-]{subsubsection.4.1.1.1}{Heading\040on\040Level\0403\040\(subsubsection\)}{subsection.4.1.1}% 32
\BOOKMARK [1][-]{section.4.2}{Lists}{chapter.4}% 33
\BOOKMARK [2][-]{subsection.4.2.1}{Example\040for\040list\040\(itemize\)}{section.4.2}% 34
\BOOKMARK [2][-]{subsection.4.2.2}{Example\040for\040list\040\(enumerate\)}{section.4.2}% 35
\BOOKMARK [0][-]{chapter.5}{22nd\040November}{}% 36
\BOOKMARK [1][-]{section.5.1}{Labels\040and\040cross-references}{chapter.5}% 37
\BOOKMARK [0][-]{chapter.6}{29th\040November}{}% 38
\BOOKMARK [0][-]{chapter.7}{Heading\040on\040Level\0400\040\(chapter\)}{}% 39
\BOOKMARK [1][-]{section.7.1}{Heading\040on\040Level\0401\040\(section\)}{chapter.7}% 40
\BOOKMARK [2][-]{subsection.7.1.1}{Heading\040on\040Level\0402\040\(subsection\)}{section.7.1}% 41
\BOOKMARK [3][-]{subsubsection.7.1.1.1}{Heading\040on\040Level\0403\040\(subsubsection\)}{subsection.7.1.1}% 42
\BOOKMARK [1][-]{section.7.2}{Lists}{chapter.7}% 43
\BOOKMARK [2][-]{subsection.7.2.1}{Example\040for\040list\040\(itemize\)}{section.7.2}% 44
\BOOKMARK [3][-]{subsubsection.7.2.1.1}{Example\040for\040list\040\(4*itemize\)}{subsection.7.2.1}% 45
\BOOKMARK [2][-]{subsection.7.2.2}{Example\040for\040list\040\(enumerate\)}{section.7.2}% 46
\BOOKMARK [3][-]{subsubsection.7.2.2.1}{Example\040for\040list\040\(4*enumerate\)}{subsection.7.2.2}% 47
\BOOKMARK [2][-]{subsection.7.2.3}{Example\040for\040list\040\(description\)}{section.7.2}% 48
\BOOKMARK [3][-]{subsubsection.7.2.3.1}{Example\040for\040list\040\(4*description\)}{subsection.7.2.3}% 49
\BOOKMARK [0][-]{chapter.8}{6th\040December}{}% 50
\BOOKMARK [0][-]{appendix.A}{Random\040Thoughts}{}% 51
